# JRE version: OpenJDK Runtime Environment (17.0.10) (build 17.0.10+0--11609105)
# Java VM: OpenJDK 64-Bit Server VM (17.0.10+0--11609105, mixed mode, tiered, compressed oops, compressed class ptrs, g1 gc, windows-amd64)
GC Precious Log:
 CPUs: 12 total, 12 available
 Memory: 16255M
 Large Page Support: Disabled
 NUMA Support: Disabled
 Compressed Oops: Enabled (32-bit)
 Heap Region Size: 1M
 Heap Min Capacity: 8M
 Heap Initial Capacity: 254M
 Heap Max Capacity: 2G
 Pre-touch: Disabled
 Parallel Workers: 10
 Concurrent Workers: 3
 Concurrent Refinement Workers: 10
 Periodic GC: Disabled
Heap:
 garbage-first heap   total 158720K, used 102743K [0x0000000080000000, 0x0000000100000000)
  region size 1024K, 36 young (36864K), 3 survivors (3072K)
 Metaspace       used 67990K, committed 68608K, reserved 1114112K
  class space    used 9233K, committed 9536K, reserved 1048576K
GC Heap History (20 events):
Event: 3.593 GC heap before
{Heap before GC invocations=6 (full 0):
 garbage-first heap   total 71680K, used 50560K [0x0000000080000000, 0x0000000100000000)
  region size 1024K, 31 young (31744K), 1 survivors (1024K)
 Metaspace       used 30849K, committed 31104K, reserved 1114112K
  class space    used 4109K, committed 4224K, reserved 1048576K
}
Event: 3.597 GC heap after
{Heap after GC invocations=7 (full 0):
 garbage-first heap   total 71680K, used 22153K [0x0000000080000000, 0x0000000100000000)
  region size 1024K, 2 young (2048K), 2 survivors (2048K)
 Metaspace       used 30849K, committed 31104K, reserved 1114112K
  class space    used 4109K, committed 4224K, reserved 1048576K
}
Event: 5.700 GC heap before
{Heap before GC invocations=7 (full 0):
 garbage-first heap   total 71680K, used 51849K [0x0000000080000000, 0x0000000100000000)
  region size 1024K, 32 young (32768K), 2 survivors (2048K)
 Metaspace       used 34801K, committed 35136K, reserved 1114112K
  class space    used 4739K, committed 4864K, reserved 1048576K
}
Event: 5.702 GC heap after
{Heap after GC invocations=8 (full 0):
 garbage-first heap   total 71680K, used 23532K [0x0000000080000000, 0x0000000100000000)
  region size 1024K, 4 young (4096K), 4 survivors (4096K)
 Metaspace       used 34801K, committed 35136K, reserved 1114112K
  class space    used 4739K, committed 4864K, reserved 1048576K
}
Event: 5.777 GC heap before
{Heap before GC invocations=8 (full 0):
 garbage-first heap   total 71680K, used 27628K [0x0000000080000000, 0x0000000100000000)
  region size 1024K, 9 young (9216K), 4 survivors (4096K)
 Metaspace       used 35599K, committed 35968K, reserved 1114112K
  class space    used 4850K, committed 5056K, reserved 1048576K
}
Event: 5.780 GC heap after
{Heap after GC invocations=9 (full 0):
 garbage-first heap   total 71680K, used 23610K [0x0000000080000000, 0x0000000100000000)
  region size 1024K, 2 young (2048K), 2 survivors (2048K)
 Metaspace       used 35599K, committed 35968K, reserved 1114112K
  class space    used 4850K, committed 5056K, reserved 1048576K
}
Event: 6.188 GC heap before
{Heap before GC invocations=10 (full 0):
 garbage-first heap   total 71680K, used 54330K [0x0000000080000000, 0x0000000100000000)
  region size 1024K, 33 young (33792K), 2 survivors (2048K)
 Metaspace       used 40993K, committed 41344K, reserved 1114112K
  class space    used 5425K, committed 5568K, reserved 1048576K
}
Event: 6.192 GC heap after
{Heap after GC invocations=11 (full 0):
 garbage-first heap   total 71680K, used 28120K [0x0000000080000000, 0x0000000100000000)
  region size 1024K, 5 young (5120K), 5 survivors (5120K)
 Metaspace       used 40993K, committed 41344K, reserved 1114112K
  class space    used 5425K, committed 5568K, reserved 1048576K
}
Event: 6.196 GC heap before
{Heap before GC invocations=11 (full 0):
 garbage-first heap   total 71680K, used 29144K [0x0000000080000000, 0x0000000100000000)
  region size 1024K, 6 young (6144K), 5 survivors (5120K)
 Metaspace       used 40994K, committed 41344K, reserved 1114112K
  class space    used 5425K, committed 5568K, reserved 1048576K
}
Event: 6.200 GC heap after
{Heap after GC invocations=12 (full 0):
 garbage-first heap   total 71680K, used 28189K [0x0000000080000000, 0x0000000100000000)
  region size 1024K, 1 young (1024K), 1 survivors (1024K)
 Metaspace       used 40994K, committed 41344K, reserved 1114112K
  class space    used 5425K, committed 5568K, reserved 1048576K
}
Event: 6.705 GC heap before
{Heap before GC invocations=12 (full 0):
 garbage-first heap   total 71680K, used 53789K [0x0000000080000000, 0x0000000100000000)
  region size 1024K, 27 young (27648K), 1 survivors (1024K)
 Metaspace       used 42189K, committed 42560K, reserved 1114112K
  class space    used 5602K, committed 5760K, reserved 1048576K
}
Event: 6.707 GC heap after
{Heap after GC invocations=13 (full 0):
 garbage-first heap   total 158720K, used 29535K [0x0000000080000000, 0x0000000100000000)
  region size 1024K, 2 young (2048K), 2 survivors (2048K)
 Metaspace       used 42189K, committed 42560K, reserved 1114112K
  class space    used 5602K, committed 5760K, reserved 1048576K
}
Event: 7.929 GC heap before
{Heap before GC invocations=13 (full 0):
 garbage-first heap   total 158720K, used 116575K [0x0000000080000000, 0x0000000100000000)
  region size 1024K, 85 young (87040K), 2 survivors (2048K)
 Metaspace       used 53272K, committed 53760K, reserved 1114112K
  class space    used 7320K, committed 7552K, reserved 1048576K
}
Event: 7.932 GC heap after
{Heap after GC invocations=14 (full 0):
 garbage-first heap   total 158720K, used 34401K [0x0000000080000000, 0x0000000100000000)
  region size 1024K, 7 young (7168K), 7 survivors (7168K)
 Metaspace       used 53272K, committed 53760K, reserved 1114112K
  class space    used 7320K, committed 7552K, reserved 1048576K
}
Event: 9.435 GC heap before
{Heap before GC invocations=14 (full 0):
 garbage-first heap   total 158720K, used 132705K [0x0000000080000000, 0x0000000100000000)
  region size 1024K, 89 young (91136K), 7 survivors (7168K)
 Metaspace       used 57894K, committed 58496K, reserved 1114112K
  class space    used 7913K, committed 8192K, reserved 1048576K
}
Event: 9.440 GC heap after
{Heap after GC invocations=15 (full 0):
 garbage-first heap   total 158720K, used 61198K [0x0000000080000000, 0x0000000100000000)
  region size 1024K, 12 young (12288K), 12 survivors (12288K)
 Metaspace       used 57894K, committed 58496K, reserved 1114112K
  class space    used 7913K, committed 8192K, reserved 1048576K
}
Event: 9.648 GC heap before
{Heap before GC invocations=15 (full 0):
 garbage-first heap   total 158720K, used 81678K [0x0000000080000000, 0x0000000100000000)
  region size 1024K, 33 young (33792K), 12 survivors (12288K)
 Metaspace       used 59568K, committed 60160K, reserved 1114112K
  class space    used 8145K, committed 8448K, reserved 1048576K
}
Event: 9.651 GC heap after
{Heap after GC invocations=16 (full 0):
 garbage-first heap   total 158720K, used 63214K [0x0000000080000000, 0x0000000100000000)
  region size 1024K, 2 young (2048K), 2 survivors (2048K)
 Metaspace       used 59568K, committed 60160K, reserved 1114112K
  class space    used 8145K, committed 8448K, reserved 1048576K
}
Event: 10.774 GC heap before
{Heap before GC invocations=17 (full 0):
 garbage-first heap   total 158720K, used 124654K [0x0000000080000000, 0x0000000100000000)
  region size 1024K, 61 young (62464K), 2 survivors (2048K)
 Metaspace       used 66407K, committed 67072K, reserved 1114112K
  class space    used 9024K, committed 9344K, reserved 1048576K
}
Event: 10.778 GC heap after
{Heap after GC invocations=18 (full 0):
 garbage-first heap   total 158720K, used 65879K [0x0000000080000000, 0x0000000100000000)
  region size 1024K, 3 young (3072K), 3 survivors (3072K)
 Metaspace       used 66407K, committed 67072K, reserved 1114112K
  class space    used 9024K, committed 9344K, reserved 1048576K
}

